# JRE version: OpenJDK Runtime Environment Temurin-17.0.5+8 (17.0.5+8) (build 17.0.5+8)
# Java VM: OpenJDK 64-Bit Server VM Temurin-17.0.5+8 (17.0.5+8, mixed mode, tiered, compressed oops, compressed class ptrs, g1 gc, windows-amd64)
GC Precious Log:
 CPUs: 4 total, 4 available
 Memory: 8120M
 Large Page Support: Disabled
 NUMA Support: Disabled
 Compressed Oops: Enabled (32-bit)
 Heap Region Size: 1M
 Heap Min Capacity: 8M
 Heap Initial Capacity: 128M
 Heap Max Capacity: 2032M
 Pre-touch: Disabled
 Parallel Workers: 4
 Concurrent Workers: 1
 Concurrent Refinement Workers: 4
 Periodic GC: Disabled
Heap:
 garbage-first heap   total 112640K, used 68041K [0x0000000081000000, 0x0000000100000000)
  region size 1024K, 30 young (30720K), 1 survivors (1024K)
 Metaspace       used 90785K, committed 94592K, reserved 1138688K
  class space    used 10621K, committed 11264K, reserved 1048576K
GC Heap History (20 events):
Event: 26700.118 GC heap before
{Heap before GC invocations=410 (full 13):
 garbage-first heap   total 112640K, used 97804K [0x0000000081000000, 0x0000000100000000)
  region size 1024K, 58 young (59392K), 1 survivors (1024K)
 Metaspace       used 90785K, committed 94592K, reserved 1138688K
  class space    used 10621K, committed 11264K, reserved 1048576K
}
Event: 26700.120 GC heap after
{Heap after GC invocations=411 (full 13):
 garbage-first heap   total 112640K, used 40401K [0x0000000081000000, 0x0000000100000000)
  region size 1024K, 1 young (1024K), 1 survivors (1024K)
 Metaspace       used 90785K, committed 94592K, reserved 1138688K
  class space    used 10621K, committed 11264K, reserved 1048576K
}
Event: 26707.403 GC heap before
{Heap before GC invocations=412 (full 13):
 garbage-first heap   total 112640K, used 97745K [0x0000000081000000, 0x0000000100000000)
  region size 1024K, 58 young (59392K), 1 survivors (1024K)
 Metaspace       used 90785K, committed 94592K, reserved 1138688K
  class space    used 10621K, committed 11264K, reserved 1048576K
}
Event: 26707.442 GC heap after
{Heap after GC invocations=413 (full 13):
 garbage-first heap   total 112640K, used 40454K [0x0000000081000000, 0x0000000100000000)
  region size 1024K, 1 young (1024K), 1 survivors (1024K)
 Metaspace       used 90785K, committed 94592K, reserved 1138688K
  class space    used 10621K, committed 11264K, reserved 1048576K
}
Event: 26711.083 GC heap before
{Heap before GC invocations=413 (full 13):
 garbage-first heap   total 112640K, used 97798K [0x0000000081000000, 0x0000000100000000)
  region size 1024K, 58 young (59392K), 1 survivors (1024K)
 Metaspace       used 90785K, committed 94592K, reserved 1138688K
  class space    used 10621K, committed 11264K, reserved 1048576K
}
Event: 26711.084 GC heap after
{Heap after GC invocations=414 (full 13):
 garbage-first heap   total 112640K, used 40405K [0x0000000081000000, 0x0000000100000000)
  region size 1024K, 1 young (1024K), 1 survivors (1024K)
 Metaspace       used 90785K, committed 94592K, reserved 1138688K
  class space    used 10621K, committed 11264K, reserved 1048576K
}
Event: 26723.994 GC heap before
{Heap before GC invocations=415 (full 13):
 garbage-first heap   total 112640K, used 97749K [0x0000000081000000, 0x0000000100000000)
  region size 1024K, 58 young (59392K), 1 survivors (1024K)
 Metaspace       used 90785K, committed 94592K, reserved 1138688K
  class space    used 10621K, committed 11264K, reserved 1048576K
}
Event: 26723.996 GC heap after
{Heap after GC invocations=416 (full 13):
 garbage-first heap   total 112640K, used 40500K [0x0000000081000000, 0x0000000100000000)
  region size 1024K, 1 young (1024K), 1 survivors (1024K)
 Metaspace       used 90785K, committed 94592K, reserved 1138688K
  class space    used 10621K, committed 11264K, reserved 1048576K
}
Event: 26733.450 GC heap before
{Heap before GC invocations=416 (full 13):
 garbage-first heap   total 112640K, used 97844K [0x0000000081000000, 0x0000000100000000)
  region size 1024K, 58 young (59392K), 1 survivors (1024K)
 Metaspace       used 90785K, committed 94592K, reserved 1138688K
  class space    used 10621K, committed 11264K, reserved 1048576K
}
Event: 26733.454 GC heap after
{Heap after GC invocations=417 (full 13):
 garbage-first heap   total 112640K, used 40384K [0x0000000081000000, 0x0000000100000000)
  region size 1024K, 1 young (1024K), 1 survivors (1024K)
 Metaspace       used 90785K, committed 94592K, reserved 1138688K
  class space    used 10621K, committed 11264K, reserved 1048576K
}
Event: 26735.928 GC heap before
{Heap before GC invocations=418 (full 13):
 garbage-first heap   total 112640K, used 97728K [0x0000000081000000, 0x0000000100000000)
  region size 1024K, 58 young (59392K), 1 survivors (1024K)
 Metaspace       used 90785K, committed 94592K, reserved 1138688K
  class space    used 10621K, committed 11264K, reserved 1048576K
}
Event: 26735.930 GC heap after
{Heap after GC invocations=419 (full 13):
 garbage-first heap   total 112640K, used 40431K [0x0000000081000000, 0x0000000100000000)
  region size 1024K, 1 young (1024K), 1 survivors (1024K)
 Metaspace       used 90785K, committed 94592K, reserved 1138688K
  class space    used 10621K, committed 11264K, reserved 1048576K
}
Event: 26736.968 GC heap before
{Heap before GC invocations=419 (full 13):
 garbage-first heap   total 112640K, used 97775K [0x0000000081000000, 0x0000000100000000)
  region size 1024K, 58 young (59392K), 1 survivors (1024K)
 Metaspace       used 90785K, committed 94592K, reserved 1138688K
  class space    used 10621K, committed 11264K, reserved 1048576K
}
Event: 26736.970 GC heap after
{Heap after GC invocations=420 (full 13):
 garbage-first heap   total 112640K, used 40372K [0x0000000081000000, 0x0000000100000000)
  region size 1024K, 1 young (1024K), 1 survivors (1024K)
 Metaspace       used 90785K, committed 94592K, reserved 1138688K
  class space    used 10621K, committed 11264K, reserved 1048576K
}
Event: 26738.663 GC heap before
{Heap before GC invocations=421 (full 13):
 garbage-first heap   total 112640K, used 97716K [0x0000000081000000, 0x0000000100000000)
  region size 1024K, 58 young (59392K), 1 survivors (1024K)
 Metaspace       used 90785K, committed 94592K, reserved 1138688K
  class space    used 10621K, committed 11264K, reserved 1048576K
}
Event: 26738.665 GC heap after
{Heap after GC invocations=422 (full 13):
 garbage-first heap   total 112640K, used 40446K [0x0000000081000000, 0x0000000100000000)
  region size 1024K, 1 young (1024K), 1 survivors (1024K)
 Metaspace       used 90785K, committed 94592K, reserved 1138688K
  class space    used 10621K, committed 11264K, reserved 1048576K
}
Event: 26739.941 GC heap before
{Heap before GC invocations=422 (full 13):
 garbage-first heap   total 112640K, used 97790K [0x0000000081000000, 0x0000000100000000)
  region size 1024K, 58 young (59392K), 1 survivors (1024K)
 Metaspace       used 90785K, committed 94592K, reserved 1138688K
  class space    used 10621K, committed 11264K, reserved 1048576K
}
Event: 26739.943 GC heap after
{Heap after GC invocations=423 (full 13):
 garbage-first heap   total 112640K, used 40431K [0x0000000081000000, 0x0000000100000000)
  region size 1024K, 1 young (1024K), 1 survivors (1024K)
 Metaspace       used 90785K, committed 94592K, reserved 1138688K
  class space    used 10621K, committed 11264K, reserved 1048576K
}
Event: 26741.296 GC heap before
{Heap before GC invocations=424 (full 13):
 garbage-first heap   total 112640K, used 97775K [0x0000000081000000, 0x0000000100000000)
  region size 1024K, 58 young (59392K), 1 survivors (1024K)
 Metaspace       used 90785K, committed 94592K, reserved 1138688K
  class space    used 10621K, committed 11264K, reserved 1048576K
}
Event: 26741.297 GC heap after
{Heap after GC invocations=425 (full 13):
 garbage-first heap   total 112640K, used 40393K [0x0000000081000000, 0x0000000100000000)
  region size 1024K, 1 young (1024K), 1 survivors (1024K)
 Metaspace       used 90785K, committed 94592K, reserved 1138688K
  class space    used 10621K, committed 11264K, reserved 1048576K
}

